<?xml version="1.0" encoding="UTF-8"?>
<testsuite name="org.openapitools.client.apis.StoreApiTest" tests="4" skipped="0" failures="0" errors="0" timestamp="2024-04-15T08:11:44" hostname="MSI" time="0.004">
  <properties/>
  <testcase name="should test deleteOrder" classname="org.openapitools.client.apis.StoreApiTest" time="0.004"/>
  <testcase name="should test getInventory" classname="org.openapitools.client.apis.StoreApiTest" time="0.003"/>
  <testcase name="should test getOrderById" classname="org.openapitools.client.apis.StoreApiTest" time="0.002"/>
  <testcase name="should test placeOrder" classname="org.openapitools.client.apis.StoreApiTest" time="0.001"/>
  <system-out><![CDATA[]]></system-out>
  <system-err><![CDATA[]]></system-err>
</testsuite>
