<?xml version="1.0" encoding="UTF-8"?>
<testsuite name="org.openapitools.client.apis.UserApiTest" tests="8" skipped="0" failures="0" errors="0" timestamp="2024-04-15T08:11:44" hostname="MSI" time="0.009">
  <properties/>
  <testcase name="should test createUser" classname="org.openapitools.client.apis.UserApiTest" time="0.008"/>
  <testcase name="should test createUsersWithArrayInput" classname="org.openapitools.client.apis.UserApiTest" time="0.007"/>
  <testcase name="should test createUsersWithListInput" classname="org.openapitools.client.apis.UserApiTest" time="0.006"/>
  <testcase name="should test deleteUser" classname="org.openapitools.client.apis.UserApiTest" time="0.005"/>
  <testcase name="should test getUserByName" classname="org.openapitools.client.apis.UserApiTest" time="0.005"/>
  <testcase name="should test loginUser" classname="org.openapitools.client.apis.UserApiTest" time="0.004"/>
  <testcase name="should test logoutUser" classname="org.openapitools.client.apis.UserApiTest" time="0.003"/>
  <testcase name="should test updateUser" classname="org.openapitools.client.apis.UserApiTest" time="0.002"/>
  <system-out><![CDATA[]]></system-out>
  <system-err><![CDATA[]]></system-err>
</testsuite>
