<?xml version="1.0" encoding="UTF-8"?>
<testsuite name="org.openapitools.client.models.ApiPetTest" tests="6" skipped="0" failures="0" errors="0" timestamp="2024-04-15T08:11:44" hostname="MSI" time="0.007">
  <properties/>
  <testcase name="should test name" classname="org.openapitools.client.models.ApiPetTest" time="0.006"/>
  <testcase name="should test photoUrls" classname="org.openapitools.client.models.ApiPetTest" time="0.005"/>
  <testcase name="should test id" classname="org.openapitools.client.models.ApiPetTest" time="0.004"/>
  <testcase name="should test category" classname="org.openapitools.client.models.ApiPetTest" time="0.003"/>
  <testcase name="should test tags" classname="org.openapitools.client.models.ApiPetTest" time="0.003"/>
  <testcase name="should test status" classname="org.openapitools.client.models.ApiPetTest" time="0.002"/>
  <system-out><![CDATA[]]></system-out>
  <system-err><![CDATA[]]></system-err>
</testsuite>
