<?xml version="1.0" encoding="UTF-8"?>
<testsuite name="org.openapitools.client.apis.PetApiTest" tests="8" skipped="0" failures="0" errors="0" timestamp="2024-04-15T08:11:44" hostname="MSI" time="0.009">
  <properties/>
  <testcase name="should test addPet" classname="org.openapitools.client.apis.PetApiTest" time="0.008"/>
  <testcase name="should test deletePet" classname="org.openapitools.client.apis.PetApiTest" time="0.007"/>
  <testcase name="should test findPetsByStatus" classname="org.openapitools.client.apis.PetApiTest" time="0.006"/>
  <testcase name="should test findPetsByTags" classname="org.openapitools.client.apis.PetApiTest" time="0.005"/>
  <testcase name="should test getPetById" classname="org.openapitools.client.apis.PetApiTest" time="0.004"/>
  <testcase name="should test updatePet" classname="org.openapitools.client.apis.PetApiTest" time="0.003"/>
  <testcase name="should test updatePetWithForm" classname="org.openapitools.client.apis.PetApiTest" time="0.003"/>
  <testcase name="should test uploadFile" classname="org.openapitools.client.apis.PetApiTest" time="0.002"/>
  <system-out><![CDATA[]]></system-out>
  <system-err><![CDATA[]]></system-err>
</testsuite>
