<?xml version="1.0" encoding="UTF-8"?>
<testsuite name="org.openapitools.client.models.ApiCategoryTest" tests="2" skipped="0" failures="0" errors="0" timestamp="2024-04-15T08:11:44" hostname="MSI" time="0.003">
  <properties/>
  <testcase name="should test id" classname="org.openapitools.client.models.ApiCategoryTest" time="0.003"/>
  <testcase name="should test name" classname="org.openapitools.client.models.ApiCategoryTest" time="0.001"/>
  <system-out><![CDATA[]]></system-out>
  <system-err><![CDATA[]]></system-err>
</testsuite>
